Using pre-set license
Built from '2020.2/staging' branch; Version is '2020.2.3f1 (8ff31bc5bf5b) revision 9433883'; Using compiler version '192528614'; Build Type 'Release'
OS: 'Windows 10 Home Single Language; OS build 19042.867; Version 2009; 64bit' Language: 'en' Physical Memory: 8000 MB
BatchMode: 1, IsHumanControllingUs: 0, StartBugReporterOnCrash: 0, Is64bit: 1, IsPro: 0

 COMMAND LINE ARGUMENTS:
D:\Software Installed\Unity\2020.2.3f1\Editor\Unity.exe
-adb2
-batchMode
-noUpm
-name
AssetImportWorker0
-projectPath
D:/github project/Game-Programming-yeti/Yeti/Lab excercise-1
-logFile
Logs/AssetImportWorker0.log
-srvPort
52757
Successfully changed project path to: D:/github project/Game-Programming-yeti/Yeti/Lab excercise-1
D:/github project/Game-Programming-yeti/Yeti/Lab excercise-1
Using Asset Import Pipeline V2.
Refreshing native plugins compatible for Editor in 76.28 ms, found 0 plugins.
Preloading 0 native plugins for Editor in 0.00 ms.
Initialize engine version: 2020.2.3f1 (8ff31bc5bf5b)
[Subsystems] Discovering subsystems at path D:/Software Installed/Unity/2020.2.3f1/Editor/Data/Resources/UnitySubsystems
[Subsystems] Discovering subsystems at path D:/github project/Game-Programming-yeti/Yeti/Lab excercise-1/Assets
GfxDevice: creating device client; threaded=0
Direct3D:
    Version:  Direct3D 11.0 [level 11.1]
    Renderer: NVIDIA GeForce GTX 1050 (ID=0x1c8d)
    Vendor:   
    VRAM:     4019 MB
    Driver:   27.21.14.5763
Initialize mono
Mono path[0] = 'D:/Software Installed/Unity/2020.2.3f1/Editor/Data/Managed'
Mono path[1] = 'D:/Software Installed/Unity/2020.2.3f1/Editor/Data/MonoBleedingEdge/lib/mono/unityjit'
Mono config path = 'D:/Software Installed/Unity/2020.2.3f1/Editor/Data/MonoBleedingEdge/etc'
Using monoOptions --debugger-agent=transport=dt_socket,embedding=1,server=y,suspend=n,address=127.0.0.1:56280
Begin MonoManager ReloadAssembly
Registering precompiled unity dll's ...
Register platform support module: D:/Software Installed/Unity/2020.2.3f1/Editor/Data/PlaybackEngines/WindowsStandaloneSupport/UnityEditor.WindowsStandalone.Extensions.dll
Registered in 0.018939 seconds.
Native extension for WindowsStandalone target not found
Refreshing native plugins compatible for Editor in 21.47 ms, found 0 plugins.
Preloading 0 native plugins for Editor in 0.00 ms.
Invoked RoslynAnalysisRunner static constructor.
RoslynAnalysisRunner will not be running.
RoslynAnalysisRunner has terminated.
Mono: successfully reloaded assembly
- Completed reload, in  9.104 seconds
Platform modules already initialized, skipping
Registering precompiled user dll's ...
Registered in 0.011938 seconds.
Begin MonoManager ReloadAssembly
Native extension for WindowsStandalone target not found
Refreshing native plugins compatible for Editor in 0.24 ms, found 0 plugins.
Preloading 0 native plugins for Editor in 0.00 ms.
Invoked RoslynAnalysisRunner static constructor.
RoslynAnalysisRunner will not be running.
RoslynAnalysisRunner has terminated.
Mono: successfully reloaded assembly
- Completed reload, in  1.504 seconds
Platform modules already initialized, skipping
========================================================================
Worker process is ready to serve import requests
Launched and connected shader compiler UnityShaderCompiler.exe after 0.13 seconds
Refreshing native plugins compatible for Editor in 0.28 ms, found 0 plugins.
Preloading 0 native plugins for Editor in 0.00 ms.
Unloading 1099 Unused Serialized files (Serialized files now loaded: 0)
System memory in use before: 57.0 MB.
System memory in use after: 57.0 MB.

Unloading 10 unused Assets to reduce memory usage. Loaded Objects now: 1544.
Total: 2.153600 ms (FindLiveObjects: 0.130700 ms CreateObjectMapping: 0.033200 ms MarkObjects: 1.898700 ms  DeleteObjects: 0.089900 ms)

========================================================================
Received Import Request.
  path: Assets/Tree.prefab
  artifactKey: Guid(778e781a43c5c484fa38f64668737280) Importer(815301076,1909f56bfc062723c751e8b465ee728b)
Start importing Assets/Tree.prefab using Guid(778e781a43c5c484fa38f64668737280) Importer(815301076,1909f56bfc062723c751e8b465ee728b)  -> (artifact id: '52752bc7060c68507881a2828a616382') in 1.193112 seconds
  Import took 1.223652 seconds .

========================================================================
Received Import Request.
  Time since last request: 0.001157 seconds.
  path: Assets/New Material.mat
  artifactKey: Guid(041f055673c1bb14087058fc6336353c) Importer(815301076,1909f56bfc062723c751e8b465ee728b)
Start importing Assets/New Material.mat using Guid(041f055673c1bb14087058fc6336353c) Importer(815301076,1909f56bfc062723c751e8b465ee728b)  -> (artifact id: 'f178bedc557e35d6e69b3a427051e5a9') in 0.101485 seconds
  Import took 0.167554 seconds .

========================================================================
Received Import Request.
  Time since last request: 35.362024 seconds.
  path: Assets
  artifactKey: Guid(00000000000000001000000000000000) Importer(815301076,1909f56bfc062723c751e8b465ee728b)
Start importing Assets using Guid(00000000000000001000000000000000) Importer(815301076,1909f56bfc062723c751e8b465ee728b)  -> (artifact id: '653ce283d384579a24208b2e4d727c2a') in 0.050603 seconds
  Import took 0.055236 seconds .

========================================================================
Received Import Request.
  Time since last request: 14.525650 seconds.
  path: Assets/New Material 1.mat
  artifactKey: Guid(c5ea3ff9c43863843bc11e4d0b4a58e5) Importer(815301076,1909f56bfc062723c751e8b465ee728b)
Start importing Assets/New Material 1.mat using Guid(c5ea3ff9c43863843bc11e4d0b4a58e5) Importer(815301076,1909f56bfc062723c751e8b465ee728b)  -> (artifact id: '1fecefbc6c0bb50634607d4ef207f7ad') in 0.016933 seconds
  Import took 0.032865 seconds .

========================================================================
Received Import Request.
  Time since last request: 395.768561 seconds.
  path: Assets/New Material 1.mat
  artifactKey: Guid(c5ea3ff9c43863843bc11e4d0b4a58e5) Importer(815301076,1909f56bfc062723c751e8b465ee728b)
Start importing Assets/New Material 1.mat using Guid(c5ea3ff9c43863843bc11e4d0b4a58e5) Importer(815301076,1909f56bfc062723c751e8b465ee728b)  -> (artifact id: 'c2cbf43a755e142f6484a9d023de2633') in 0.020960 seconds
  Import took 0.023374 seconds .

========================================================================
Received Import Request.
  Time since last request: 0.000264 seconds.
  path: Assets/New Material.mat
  artifactKey: Guid(041f055673c1bb14087058fc6336353c) Importer(815301076,1909f56bfc062723c751e8b465ee728b)
Start importing Assets/New Material.mat using Guid(041f055673c1bb14087058fc6336353c) Importer(815301076,1909f56bfc062723c751e8b465ee728b)  -> (artifact id: 'a7e274975a2d5f4a287a83ab6fa6e71a') in 0.011990 seconds
  Import took 0.014624 seconds .

AssetImportWorkerClient::OnTransportError - code=2 error=End of file
