Using pre-set license
Built from '2020.2/staging' branch; Version is '2020.2.3f1 (8ff31bc5bf5b) revision 9433883'; Using compiler version '192528614'; Build Type 'Release'
OS: 'Windows 10 Home Single Language; OS build 19042.928; Version 2009; 64bit' Language: 'en' Physical Memory: 8000 MB
BatchMode: 1, IsHumanControllingUs: 0, StartBugReporterOnCrash: 0, Is64bit: 1, IsPro: 0

 COMMAND LINE ARGUMENTS:
D:\Software Installed\Unity\2020.2.3f1\Editor\Unity.exe
-adb2
-batchMode
-noUpm
-name
AssetImportWorker1
-projectPath
D:/github project/Game-Programming-yeti/Yeti/Lab activity-7
-logFile
Logs/AssetImportWorker1.log
-srvPort
2698
Successfully changed project path to: D:/github project/Game-Programming-yeti/Yeti/Lab activity-7
D:/github project/Game-Programming-yeti/Yeti/Lab activity-7
Using Asset Import Pipeline V2.
Refreshing native plugins compatible for Editor in 29.35 ms, found 0 plugins.
Preloading 0 native plugins for Editor in 0.00 ms.
Initialize engine version: 2020.2.3f1 (8ff31bc5bf5b)
[Subsystems] Discovering subsystems at path D:/Software Installed/Unity/2020.2.3f1/Editor/Data/Resources/UnitySubsystems
[Subsystems] Discovering subsystems at path D:/github project/Game-Programming-yeti/Yeti/Lab activity-7/Assets
GfxDevice: creating device client; threaded=0
Direct3D:
    Version:  Direct3D 11.0 [level 11.1]
    Renderer: NVIDIA GeForce GTX 1050 (ID=0x1c8d)
    Vendor:   
    VRAM:     4019 MB
    Driver:   27.21.14.5763
Initialize mono
Mono path[0] = 'D:/Software Installed/Unity/2020.2.3f1/Editor/Data/Managed'
Mono path[1] = 'D:/Software Installed/Unity/2020.2.3f1/Editor/Data/MonoBleedingEdge/lib/mono/unityjit'
Mono config path = 'D:/Software Installed/Unity/2020.2.3f1/Editor/Data/MonoBleedingEdge/etc'
Using monoOptions --debugger-agent=transport=dt_socket,embedding=1,server=y,suspend=n,address=127.0.0.1:56804
Begin MonoManager ReloadAssembly
Registering precompiled unity dll's ...
Register platform support module: D:/Software Installed/Unity/2020.2.3f1/Editor/Data/PlaybackEngines/WindowsStandaloneSupport/UnityEditor.WindowsStandalone.Extensions.dll
Registered in 0.001023 seconds.
Native extension for WindowsStandalone target not found
Refreshing native plugins compatible for Editor in 20.97 ms, found 0 plugins.
Preloading 0 native plugins for Editor in 0.00 ms.
Invoked RoslynAnalysisRunner static constructor.
RoslynAnalysisRunner will not be running.
RoslynAnalysisRunner has terminated.
Mono: successfully reloaded assembly
- Completed reload, in  0.912 seconds
Platform modules already initialized, skipping
Registering precompiled user dll's ...
Registered in 0.000549 seconds.
Begin MonoManager ReloadAssembly
Native extension for WindowsStandalone target not found
Refreshing native plugins compatible for Editor in 0.29 ms, found 0 plugins.
Preloading 0 native plugins for Editor in 0.00 ms.
Invoked RoslynAnalysisRunner static constructor.
RoslynAnalysisRunner will not be running.
RoslynAnalysisRunner has terminated.
Mono: successfully reloaded assembly
- Completed reload, in  2.342 seconds
Platform modules already initialized, skipping
========================================================================
Worker process is ready to serve import requests
Launched and connected shader compiler UnityShaderCompiler.exe after 0.25 seconds
Refreshing native plugins compatible for Editor in 0.21 ms, found 0 plugins.
Preloading 0 native plugins for Editor in 0.00 ms.
Unloading 1099 Unused Serialized files (Serialized files now loaded: 0)
System memory in use before: 56.6 MB.
System memory in use after: 56.6 MB.

Unloading 10 unused Assets to reduce memory usage. Loaded Objects now: 1540.
Total: 2.220300 ms (FindLiveObjects: 0.302800 ms CreateObjectMapping: 0.050400 ms MarkObjects: 1.745600 ms  DeleteObjects: 0.118400 ms)

========================================================================
Received Import Request.
  path: Assets/New Material.mat
  artifactKey: Guid(6236c507e502bc7438469e0224f716a6) Importer(815301076,1909f56bfc062723c751e8b465ee728b)
Start importing Assets/New Material.mat using Guid(6236c507e502bc7438469e0224f716a6) Importer(815301076,1909f56bfc062723c751e8b465ee728b)  -> (artifact id: '8fb41fbe491fc440ddc43e88910dc0ef') in 0.836905 seconds
  Import took 0.904345 seconds .

========================================================================
Received Import Request.
  Time since last request: 7.168538 seconds.
  path: Assets
  artifactKey: Guid(00000000000000001000000000000000) Importer(815301076,1909f56bfc062723c751e8b465ee728b)
Start importing Assets using Guid(00000000000000001000000000000000) Importer(815301076,1909f56bfc062723c751e8b465ee728b)  -> (artifact id: '653ce283d384579a24208b2e4d727c2a') in 0.032163 seconds
  Import took 0.054855 seconds .

========================================================================
Received Import Request.
  Time since last request: 9.235156 seconds.
  path: Assets/New Material 1.mat
  artifactKey: Guid(c79fc79069f372c40a65e939dc4644c5) Importer(815301076,1909f56bfc062723c751e8b465ee728b)
Start importing Assets/New Material 1.mat using Guid(c79fc79069f372c40a65e939dc4644c5) Importer(815301076,1909f56bfc062723c751e8b465ee728b)  -> (artifact id: '2e5844083b6885efb4fce4de7aafaf18') in 0.015559 seconds
  Import took 0.018123 seconds .

========================================================================
Received Import Request.
  Time since last request: 734.253848 seconds.
  path: Assets/New Material 1.mat
  artifactKey: Guid(c79fc79069f372c40a65e939dc4644c5) Importer(815301076,1909f56bfc062723c751e8b465ee728b)
Start importing Assets/New Material 1.mat using Guid(c79fc79069f372c40a65e939dc4644c5) Importer(815301076,1909f56bfc062723c751e8b465ee728b)  -> (artifact id: 'c23028bed04ad37d3ca37a36e2e34ec4') in 0.028250 seconds
  Import took 0.050274 seconds .

========================================================================
Received Import Request.
  Time since last request: 0.000582 seconds.
  path: Assets/New Material.mat
  artifactKey: Guid(6236c507e502bc7438469e0224f716a6) Importer(815301076,1909f56bfc062723c751e8b465ee728b)
Start importing Assets/New Material.mat using Guid(6236c507e502bc7438469e0224f716a6) Importer(815301076,1909f56bfc062723c751e8b465ee728b)  -> (artifact id: 'dd6a3ec97c06b91aa232c3a83a6ef96d') in 0.059608 seconds
  Import took 0.063061 seconds .

========================================================================
Received Import Request.
  Time since last request: 0.001687 seconds.
  path: Assets/New Material.mat
  artifactKey: Guid(6236c507e502bc7438469e0224f716a6) Importer(815301076,1909f56bfc062723c751e8b465ee728b)
Start importing Assets/New Material.mat using Guid(6236c507e502bc7438469e0224f716a6) Importer(815301076,1909f56bfc062723c751e8b465ee728b)  -> (artifact id: 'dd6a3ec97c06b91aa232c3a83a6ef96d') in 0.010397 seconds
  Import took 0.017755 seconds .

AssetImportWorkerClient::OnTransportError - code=2 error=End of file
