Using pre-set license
Built from '2020.2/staging' branch; Version is '2020.2.3f1 (8ff31bc5bf5b) revision 9433883'; Using compiler version '192528614'; Build Type 'Release'
OS: 'Windows 10 Home Single Language; OS build 19042.867; Version 2009; 64bit' Language: 'en' Physical Memory: 8000 MB
BatchMode: 1, IsHumanControllingUs: 0, StartBugReporterOnCrash: 0, Is64bit: 1, IsPro: 0

 COMMAND LINE ARGUMENTS:
D:\Software Installed\Unity\2020.2.3f1\Editor\Unity.exe
-adb2
-batchMode
-noUpm
-name
AssetImportWorker1
-projectPath
D:/github project/Game-Programming-yeti/Yeti/Lab activity-4
-logFile
Logs/AssetImportWorker1.log
-srvPort
62856
Successfully changed project path to: D:/github project/Game-Programming-yeti/Yeti/Lab activity-4
D:/github project/Game-Programming-yeti/Yeti/Lab activity-4
Using Asset Import Pipeline V2.
Refreshing native plugins compatible for Editor in 28.25 ms, found 0 plugins.
Preloading 0 native plugins for Editor in 0.00 ms.
Initialize engine version: 2020.2.3f1 (8ff31bc5bf5b)
[Subsystems] Discovering subsystems at path D:/Software Installed/Unity/2020.2.3f1/Editor/Data/Resources/UnitySubsystems
[Subsystems] Discovering subsystems at path D:/github project/Game-Programming-yeti/Yeti/Lab activity-4/Assets
GfxDevice: creating device client; threaded=0
Direct3D:
    Version:  Direct3D 11.0 [level 11.1]
    Renderer: NVIDIA GeForce GTX 1050 (ID=0x1c8d)
    Vendor:   
    VRAM:     4019 MB
    Driver:   27.21.14.5763
Initialize mono
Mono path[0] = 'D:/Software Installed/Unity/2020.2.3f1/Editor/Data/Managed'
Mono path[1] = 'D:/Software Installed/Unity/2020.2.3f1/Editor/Data/MonoBleedingEdge/lib/mono/unityjit'
Mono config path = 'D:/Software Installed/Unity/2020.2.3f1/Editor/Data/MonoBleedingEdge/etc'
Using monoOptions --debugger-agent=transport=dt_socket,embedding=1,server=y,suspend=n,address=127.0.0.1:56128
Begin MonoManager ReloadAssembly
Registering precompiled unity dll's ...
Register platform support module: D:/Software Installed/Unity/2020.2.3f1/Editor/Data/PlaybackEngines/WindowsStandaloneSupport/UnityEditor.WindowsStandalone.Extensions.dll
Registered in 0.001363 seconds.
Native extension for WindowsStandalone target not found
Refreshing native plugins compatible for Editor in 26.93 ms, found 0 plugins.
Preloading 0 native plugins for Editor in 0.00 ms.
Invoked RoslynAnalysisRunner static constructor.
RoslynAnalysisRunner will not be running.
RoslynAnalysisRunner has terminated.
Mono: successfully reloaded assembly
- Completed reload, in  1.282 seconds
Platform modules already initialized, skipping
Registering precompiled user dll's ...
Registered in 0.000768 seconds.
Begin MonoManager ReloadAssembly
Native extension for WindowsStandalone target not found
Refreshing native plugins compatible for Editor in 0.21 ms, found 0 plugins.
Preloading 0 native plugins for Editor in 0.00 ms.
Invoked RoslynAnalysisRunner static constructor.
RoslynAnalysisRunner will not be running.
RoslynAnalysisRunner has terminated.
Mono: successfully reloaded assembly
- Completed reload, in  1.539 seconds
Platform modules already initialized, skipping
========================================================================
Worker process is ready to serve import requests
Launched and connected shader compiler UnityShaderCompiler.exe after 0.12 seconds
Refreshing native plugins compatible for Editor in 0.22 ms, found 0 plugins.
Preloading 0 native plugins for Editor in 0.00 ms.
Unloading 1099 Unused Serialized files (Serialized files now loaded: 0)
System memory in use before: 56.5 MB.
System memory in use after: 56.6 MB.

Unloading 10 unused Assets to reduce memory usage. Loaded Objects now: 1541.
Total: 2.161900 ms (FindLiveObjects: 0.173100 ms CreateObjectMapping: 0.034900 ms MarkObjects: 1.878900 ms  DeleteObjects: 0.073800 ms)

========================================================================
Received Import Request.
  path: Assets/game menu.png
  artifactKey: Guid(caf3159c0c744d74bbd6f4ccaa07ca6c) Importer(815301076,1909f56bfc062723c751e8b465ee728b)
Start importing Assets/game menu.png using Guid(caf3159c0c744d74bbd6f4ccaa07ca6c) Importer(815301076,1909f56bfc062723c751e8b465ee728b)  -> (artifact id: '404478fa9f512bed5a40c2dc02e2c240') in 0.475347 seconds
  Import took 0.620143 seconds .

========================================================================
Received Import Request.
  Time since last request: 94.731337 seconds.
  path: Assets
  artifactKey: Guid(00000000000000001000000000000000) Importer(815301076,1909f56bfc062723c751e8b465ee728b)
Start importing Assets using Guid(00000000000000001000000000000000) Importer(815301076,1909f56bfc062723c751e8b465ee728b)  -> (artifact id: '653ce283d384579a24208b2e4d727c2a') in 0.001635 seconds
  Import took 0.060763 seconds .

========================================================================
Received Import Request.
  Time since last request: 215.691587 seconds.
  path: Assets/game menu.png
  artifactKey: Guid(caf3159c0c744d74bbd6f4ccaa07ca6c) Importer(815301076,1909f56bfc062723c751e8b465ee728b)
Start importing Assets/game menu.png using Guid(caf3159c0c744d74bbd6f4ccaa07ca6c) Importer(815301076,1909f56bfc062723c751e8b465ee728b)  -> (artifact id: 'fae28f2274836034c70930714bebfdcf') in 0.231391 seconds
  Import took 0.296986 seconds .

========================================================================
Received Prepare
Registering precompiled user dll's ...
Registered in 0.000543 seconds.
Begin MonoManager ReloadAssembly
Native extension for WindowsStandalone target not found
Refreshing native plugins compatible for Editor in 0.19 ms, found 0 plugins.
Preloading 0 native plugins for Editor in 0.00 ms.
Invoked RoslynAnalysisRunner static constructor.
RoslynAnalysisRunner will not be running.
RoslynAnalysisRunner has terminated.
Mono: successfully reloaded assembly
- Completed reload, in  0.681 seconds
Platform modules already initialized, skipping
Refreshing native plugins compatible for Editor in 0.20 ms, found 0 plugins.
Preloading 0 native plugins for Editor in 0.00 ms.
Unloading 1107 Unused Serialized files (Serialized files now loaded: 0)
System memory in use before: 61.2 MB.
System memory in use after: 60.7 MB.

Unloading 18 unused Assets to reduce memory usage. Loaded Objects now: 1550.
Total: 2.104700 ms (FindLiveObjects: 0.252300 ms CreateObjectMapping: 0.046100 ms MarkObjects: 1.507200 ms  DeleteObjects: 0.297400 ms)

========================================================================
Received Prepare
Registering precompiled user dll's ...
Registered in 0.000495 seconds.
Begin MonoManager ReloadAssembly
Native extension for WindowsStandalone target not found
Refreshing native plugins compatible for Editor in 0.22 ms, found 0 plugins.
Preloading 0 native plugins for Editor in 0.00 ms.
Invoked RoslynAnalysisRunner static constructor.
RoslynAnalysisRunner will not be running.
RoslynAnalysisRunner has terminated.
Mono: successfully reloaded assembly
- Completed reload, in  0.722 seconds
Platform modules already initialized, skipping
Refreshing native plugins compatible for Editor in 0.42 ms, found 0 plugins.
Preloading 0 native plugins for Editor in 0.00 ms.
Unloading 1107 Unused Serialized files (Serialized files now loaded: 0)
System memory in use before: 61.3 MB.
System memory in use after: 60.8 MB.

Unloading 18 unused Assets to reduce memory usage. Loaded Objects now: 1552.
Total: 2.390400 ms (FindLiveObjects: 0.274800 ms CreateObjectMapping: 0.072000 ms MarkObjects: 1.715400 ms  DeleteObjects: 0.326900 ms)

========================================================================
Received Import Request.
  Time since last request: 1264.914143 seconds.
  path: Assets/Scenes/menu.unity
  artifactKey: Guid(0abe177270ff79c4fac1f6e960fea406) Importer(815301076,1909f56bfc062723c751e8b465ee728b)
Start importing Assets/Scenes/menu.unity using Guid(0abe177270ff79c4fac1f6e960fea406) Importer(815301076,1909f56bfc062723c751e8b465ee728b)  -> (artifact id: '090129fecf6245e41d49c4b51baab92c') in 0.030578 seconds
  Import took 0.032709 seconds .

========================================================================
Received Import Request.
  Time since last request: 0.993854 seconds.
  path: Assets/Scenes/SampleScene.unity
  artifactKey: Guid(9fc0d4010bbf28b4594072e72b8655ab) Importer(815301076,1909f56bfc062723c751e8b465ee728b)
Start importing Assets/Scenes/SampleScene.unity using Guid(9fc0d4010bbf28b4594072e72b8655ab) Importer(815301076,1909f56bfc062723c751e8b465ee728b)  -> (artifact id: 'a0ba9fd0a808516969c642a6079d4ee5') in 0.001848 seconds
  Import took 0.028106 seconds .

========================================================================
Received Import Request.
  Time since last request: 4.299045 seconds.
  path: Assets/Scenes/SampleScene.unity
  artifactKey: Guid(9fc0d4010bbf28b4594072e72b8655ab) Importer(815301076,1909f56bfc062723c751e8b465ee728b)
Start importing Assets/Scenes/SampleScene.unity using Guid(9fc0d4010bbf28b4594072e72b8655ab) Importer(815301076,1909f56bfc062723c751e8b465ee728b)  -> (artifact id: '15f61932fab43a6f68231727906c38d6') in 0.001685 seconds
  Import took 0.017785 seconds .

========================================================================
Received Import Request.
  Time since last request: 0.016043 seconds.
  path: Assets/Scenes/SampleScene.unity
  artifactKey: Guid(9fc0d4010bbf28b4594072e72b8655ab) Importer(815301076,1909f56bfc062723c751e8b465ee728b)
Start importing Assets/Scenes/SampleScene.unity using Guid(9fc0d4010bbf28b4594072e72b8655ab) Importer(815301076,1909f56bfc062723c751e8b465ee728b)  -> (artifact id: '15f61932fab43a6f68231727906c38d6') in 0.002366 seconds
  Import took 0.005019 seconds .

========================================================================
Received Import Request.
  Time since last request: 21.555215 seconds.
  path: Assets/Scenes/game scene.unity
  artifactKey: Guid(0abe177270ff79c4fac1f6e960fea406) Importer(815301076,1909f56bfc062723c751e8b465ee728b)
Start importing Assets/Scenes/game scene.unity using Guid(0abe177270ff79c4fac1f6e960fea406) Importer(815301076,1909f56bfc062723c751e8b465ee728b)  -> (artifact id: 'e144b48821fcfbccaebb23a83d189552') in 0.001651 seconds
  Import took 0.004714 seconds .

========================================================================
Received Prepare
Registering precompiled user dll's ...
Registered in 0.000467 seconds.
Begin MonoManager ReloadAssembly
Native extension for WindowsStandalone target not found
Refreshing native plugins compatible for Editor in 0.22 ms, found 0 plugins.
Preloading 0 native plugins for Editor in 0.00 ms.
Invoked RoslynAnalysisRunner static constructor.
RoslynAnalysisRunner will not be running.
RoslynAnalysisRunner has terminated.
Mono: successfully reloaded assembly
- Completed reload, in  0.697 seconds
Platform modules already initialized, skipping
Refreshing native plugins compatible for Editor in 0.19 ms, found 0 plugins.
Preloading 0 native plugins for Editor in 0.00 ms.
Unloading 1108 Unused Serialized files (Serialized files now loaded: 0)
System memory in use before: 61.4 MB.
System memory in use after: 60.8 MB.

Unloading 18 unused Assets to reduce memory usage. Loaded Objects now: 1555.
Total: 4.107600 ms (FindLiveObjects: 0.355100 ms CreateObjectMapping: 0.098800 ms MarkObjects: 2.967500 ms  DeleteObjects: 0.683500 ms)

========================================================================
Received Import Request.
  Time since last request: 193.078917 seconds.
  path: Assets/NewBehaviourScript.cs
  artifactKey: Guid(dc4efee3f7fda2548a9a99f590f6849c) Importer(815301076,1909f56bfc062723c751e8b465ee728b)
Start importing Assets/NewBehaviourScript.cs using Guid(dc4efee3f7fda2548a9a99f590f6849c) Importer(815301076,1909f56bfc062723c751e8b465ee728b)  -> (artifact id: '5c56594dcb1df5e8bd03466d4e1c67f7') in 0.018336 seconds
  Import took 0.022387 seconds .

========================================================================
Received Import Request.
  Time since last request: 13.259617 seconds.
  path: Assets/MainMenu.cs
  artifactKey: Guid(dc4efee3f7fda2548a9a99f590f6849c) Importer(815301076,1909f56bfc062723c751e8b465ee728b)
Start importing Assets/MainMenu.cs using Guid(dc4efee3f7fda2548a9a99f590f6849c) Importer(815301076,1909f56bfc062723c751e8b465ee728b)  -> (artifact id: 'ef03fc3b60ebbdf059844147dad3d4c7') in 0.001271 seconds
  Import took 0.010462 seconds .

========================================================================
Received Import Request.
  Time since last request: 0.013353 seconds.
  path: Assets/MainMenu.cs
  artifactKey: Guid(dc4efee3f7fda2548a9a99f590f6849c) Importer(815301076,1909f56bfc062723c751e8b465ee728b)
Start importing Assets/MainMenu.cs using Guid(dc4efee3f7fda2548a9a99f590f6849c) Importer(815301076,1909f56bfc062723c751e8b465ee728b)  -> (artifact id: 'ef03fc3b60ebbdf059844147dad3d4c7') in 0.001534 seconds
  Import took 0.003737 seconds .

========================================================================
Received Prepare
Registering precompiled user dll's ...
Registered in 0.000539 seconds.
Begin MonoManager ReloadAssembly
Native extension for WindowsStandalone target not found
Refreshing native plugins compatible for Editor in 0.25 ms, found 0 plugins.
Preloading 0 native plugins for Editor in 0.00 ms.
Invoked RoslynAnalysisRunner static constructor.
RoslynAnalysisRunner will not be running.
RoslynAnalysisRunner has terminated.
Mono: successfully reloaded assembly
- Completed reload, in  1.194 seconds
Platform modules already initialized, skipping
Refreshing native plugins compatible for Editor in 0.25 ms, found 0 plugins.
Preloading 0 native plugins for Editor in 0.00 ms.
Unloading 1108 Unused Serialized files (Serialized files now loaded: 0)
System memory in use before: 61.4 MB.
System memory in use after: 60.9 MB.

Unloading 18 unused Assets to reduce memory usage. Loaded Objects now: 1557.
Total: 4.053600 ms (FindLiveObjects: 0.960200 ms CreateObjectMapping: 0.302900 ms MarkObjects: 2.386700 ms  DeleteObjects: 0.399400 ms)

========================================================================
Received Prepare
Registering precompiled user dll's ...
Registered in 0.000463 seconds.
Begin MonoManager ReloadAssembly
Native extension for WindowsStandalone target not found
Refreshing native plugins compatible for Editor in 0.31 ms, found 0 plugins.
Preloading 0 native plugins for Editor in 0.00 ms.
Invoked RoslynAnalysisRunner static constructor.
RoslynAnalysisRunner will not be running.
RoslynAnalysisRunner has terminated.
Mono: successfully reloaded assembly
- Completed reload, in  0.716 seconds
Platform modules already initialized, skipping
Refreshing native plugins compatible for Editor in 0.19 ms, found 0 plugins.
Preloading 0 native plugins for Editor in 0.00 ms.
Unloading 1108 Unused Serialized files (Serialized files now loaded: 0)
System memory in use before: 61.4 MB.
System memory in use after: 60.9 MB.

Unloading 18 unused Assets to reduce memory usage. Loaded Objects now: 1559.
Total: 2.185800 ms (FindLiveObjects: 0.319300 ms CreateObjectMapping: 0.034700 ms MarkObjects: 1.378500 ms  DeleteObjects: 0.452400 ms)

========================================================================
Received Prepare
Registering precompiled user dll's ...
Registered in 0.000468 seconds.
Begin MonoManager ReloadAssembly
Native extension for WindowsStandalone target not found
Refreshing native plugins compatible for Editor in 0.20 ms, found 0 plugins.
Preloading 0 native plugins for Editor in 0.00 ms.
Invoked RoslynAnalysisRunner static constructor.
RoslynAnalysisRunner will not be running.
RoslynAnalysisRunner has terminated.
Mono: successfully reloaded assembly
- Completed reload, in  0.790 seconds
Platform modules already initialized, skipping
Refreshing native plugins compatible for Editor in 0.19 ms, found 0 plugins.
Preloading 0 native plugins for Editor in 0.00 ms.
Unloading 1109 Unused Serialized files (Serialized files now loaded: 0)
System memory in use before: 61.5 MB.
System memory in use after: 60.9 MB.

Unloading 18 unused Assets to reduce memory usage. Loaded Objects now: 1562.
Total: 3.890400 ms (FindLiveObjects: 0.334600 ms CreateObjectMapping: 0.117600 ms MarkObjects: 2.847600 ms  DeleteObjects: 0.588300 ms)

========================================================================
Received Import Request.
  Time since last request: 98.941600 seconds.
  path: Assets/Scenes
  artifactKey: Guid(105fec2fc78eaac419ab66e0aa0caed9) Importer(815301076,1909f56bfc062723c751e8b465ee728b)
Start importing Assets/Scenes using Guid(105fec2fc78eaac419ab66e0aa0caed9) Importer(815301076,1909f56bfc062723c751e8b465ee728b)  -> (artifact id: '0b73605b1048c902e1a638d7dd31361b') in 0.004628 seconds
  Import took 0.007235 seconds .

========================================================================
Received Prepare
Registering precompiled user dll's ...
Registered in 0.000768 seconds.
Begin MonoManager ReloadAssembly
Native extension for WindowsStandalone target not found
Refreshing native plugins compatible for Editor in 0.19 ms, found 0 plugins.
Preloading 0 native plugins for Editor in 0.00 ms.
Invoked RoslynAnalysisRunner static constructor.
RoslynAnalysisRunner will not be running.
RoslynAnalysisRunner has terminated.
Mono: successfully reloaded assembly
- Completed reload, in  0.697 seconds
Platform modules already initialized, skipping
Refreshing native plugins compatible for Editor in 0.22 ms, found 0 plugins.
Preloading 0 native plugins for Editor in 0.00 ms.
Unloading 1108 Unused Serialized files (Serialized files now loaded: 0)
System memory in use before: 61.4 MB.
System memory in use after: 60.9 MB.

Unloading 19 unused Assets to reduce memory usage. Loaded Objects now: 1563.
Total: 2.120100 ms (FindLiveObjects: 0.134600 ms CreateObjectMapping: 0.041900 ms MarkObjects: 1.629500 ms  DeleteObjects: 0.312800 ms)

========================================================================
Received Prepare
Registering precompiled user dll's ...
Registered in 0.000629 seconds.
Begin MonoManager ReloadAssembly
Native extension for WindowsStandalone target not found
Refreshing native plugins compatible for Editor in 0.24 ms, found 0 plugins.
Preloading 0 native plugins for Editor in 0.00 ms.
Invoked RoslynAnalysisRunner static constructor.
RoslynAnalysisRunner will not be running.
RoslynAnalysisRunner has terminated.
Mono: successfully reloaded assembly
- Completed reload, in  0.777 seconds
Platform modules already initialized, skipping
Refreshing native plugins compatible for Editor in 0.23 ms, found 0 plugins.
Preloading 0 native plugins for Editor in 0.00 ms.
Unloading 1108 Unused Serialized files (Serialized files now loaded: 0)
System memory in use before: 61.4 MB.
System memory in use after: 60.9 MB.

Unloading 18 unused Assets to reduce memory usage. Loaded Objects now: 1565.
Total: 2.258700 ms (FindLiveObjects: 0.180000 ms CreateObjectMapping: 0.048600 ms MarkObjects: 1.649100 ms  DeleteObjects: 0.379300 ms)

========================================================================
Received Import Request.
  Time since last request: 1166.265459 seconds.
  path: Assets/TextMesh Pro/Resources/Style Sheets/Default Style Sheet.asset
  artifactKey: Guid(f952c082cb03451daed3ee968ac6c63e) Importer(815301076,1909f56bfc062723c751e8b465ee728b)
Start importing Assets/TextMesh Pro/Resources/Style Sheets/Default Style Sheet.asset using Guid(f952c082cb03451daed3ee968ac6c63e) Importer(815301076,1909f56bfc062723c751e8b465ee728b)  -> (artifact id: '5c3c141f5ab9a65f6ecdfad342f19e82') in 0.060065 seconds
  Import took 0.062012 seconds .

========================================================================
Received Import Request.
  Time since last request: 0.000296 seconds.
  path: Assets/TextMesh Pro/Sprites/EmojiOne.png
  artifactKey: Guid(dffef66376be4fa480fb02b19edbe903) Importer(815301076,1909f56bfc062723c751e8b465ee728b)
Start importing Assets/TextMesh Pro/Sprites/EmojiOne.png using Guid(dffef66376be4fa480fb02b19edbe903) Importer(815301076,1909f56bfc062723c751e8b465ee728b)  -> (artifact id: '2a974aadea5488c0ecfaa84f391c0c73') in 0.130955 seconds
  Import took 0.132675 seconds .

========================================================================
Received Import Request.
  Time since last request: 0.000351 seconds.
  path: Assets/TextMesh Pro/Fonts/LiberationSans.ttf
  artifactKey: Guid(e3265ab4bf004d28a9537516768c1c75) Importer(815301076,1909f56bfc062723c751e8b465ee728b)
Start importing Assets/TextMesh Pro/Fonts/LiberationSans.ttf using Guid(e3265ab4bf004d28a9537516768c1c75) Importer(815301076,1909f56bfc062723c751e8b465ee728b)  -> (artifact id: '14071aa068bdf04daac3f538f355c740') in 0.503600 seconds
  Import took 0.530433 seconds .

========================================================================
Received Import Request.
  Time since last request: 0.000787 seconds.
  path: Assets/TextMesh Pro/Resources/Sprite Assets/EmojiOne.asset
  artifactKey: Guid(c41005c129ba4d66911b75229fd70b45) Importer(815301076,1909f56bfc062723c751e8b465ee728b)
Start importing Assets/TextMesh Pro/Resources/Sprite Assets/EmojiOne.asset using Guid(c41005c129ba4d66911b75229fd70b45) Importer(815301076,1909f56bfc062723c751e8b465ee728b)  -> (artifact id: '1cacfb84e7fe4ac1f755fced8420adb1') in 0.020411 seconds
  Import took 0.052572 seconds .

========================================================================
Received Prepare
Registering precompiled user dll's ...
Registered in 0.000505 seconds.
Begin MonoManager ReloadAssembly
Native extension for WindowsStandalone target not found
Refreshing native plugins compatible for Editor in 0.23 ms, found 0 plugins.
Preloading 0 native plugins for Editor in 0.00 ms.
Invoked RoslynAnalysisRunner static constructor.
RoslynAnalysisRunner will not be running.
RoslynAnalysisRunner has terminated.
Mono: successfully reloaded assembly
- Completed reload, in  0.684 seconds
Platform modules already initialized, skipping
Refreshing native plugins compatible for Editor in 0.19 ms, found 0 plugins.
Preloading 0 native plugins for Editor in 0.00 ms.
Unloading 1108 Unused Serialized files (Serialized files now loaded: 0)
System memory in use before: 61.9 MB.
System memory in use after: 61.3 MB.

Unloading 18 unused Assets to reduce memory usage. Loaded Objects now: 1609.
Total: 1.975600 ms (FindLiveObjects: 0.162000 ms CreateObjectMapping: 0.044000 ms MarkObjects: 1.465900 ms  DeleteObjects: 0.302200 ms)

========================================================================
Received Prepare
Registering precompiled user dll's ...
Registered in 0.000500 seconds.
Begin MonoManager ReloadAssembly
Native extension for WindowsStandalone target not found
Refreshing native plugins compatible for Editor in 0.25 ms, found 0 plugins.
Preloading 0 native plugins for Editor in 0.00 ms.
Invoked RoslynAnalysisRunner static constructor.
RoslynAnalysisRunner will not be running.
RoslynAnalysisRunner has terminated.
Mono: successfully reloaded assembly
- Completed reload, in  0.717 seconds
Platform modules already initialized, skipping
Refreshing native plugins compatible for Editor in 0.23 ms, found 0 plugins.
Preloading 0 native plugins for Editor in 0.00 ms.
Unloading 1108 Unused Serialized files (Serialized files now loaded: 0)
System memory in use before: 61.9 MB.
System memory in use after: 61.4 MB.

Unloading 18 unused Assets to reduce memory usage. Loaded Objects now: 1611.
Total: 3.847300 ms (FindLiveObjects: 0.454800 ms CreateObjectMapping: 0.168900 ms MarkObjects: 2.600800 ms  DeleteObjects: 0.619500 ms)

========================================================================
Received Prepare
Registering precompiled user dll's ...
Registered in 0.000663 seconds.
Begin MonoManager ReloadAssembly
Native extension for WindowsStandalone target not found
Refreshing native plugins compatible for Editor in 0.23 ms, found 0 plugins.
Preloading 0 native plugins for Editor in 0.00 ms.
Invoked RoslynAnalysisRunner static constructor.
RoslynAnalysisRunner will not be running.
RoslynAnalysisRunner has terminated.
Mono: successfully reloaded assembly
- Completed reload, in  1.002 seconds
Platform modules already initialized, skipping
Refreshing native plugins compatible for Editor in 0.32 ms, found 0 plugins.
Preloading 0 native plugins for Editor in 0.00 ms.
Unloading 1108 Unused Serialized files (Serialized files now loaded: 0)
System memory in use before: 61.9 MB.
System memory in use after: 61.4 MB.

Unloading 18 unused Assets to reduce memory usage. Loaded Objects now: 1613.
Total: 3.177800 ms (FindLiveObjects: 0.598300 ms CreateObjectMapping: 0.106800 ms MarkObjects: 1.790000 ms  DeleteObjects: 0.677000 ms)

========================================================================
Received Prepare
Registering precompiled user dll's ...
Registered in 0.001726 seconds.
Begin MonoManager ReloadAssembly
Native extension for WindowsStandalone target not found
Refreshing native plugins compatible for Editor in 0.22 ms, found 0 plugins.
Preloading 0 native plugins for Editor in 0.00 ms.
Invoked RoslynAnalysisRunner static constructor.
RoslynAnalysisRunner will not be running.
RoslynAnalysisRunner has terminated.
Mono: successfully reloaded assembly
- Completed reload, in  0.690 seconds
Platform modules already initialized, skipping
Refreshing native plugins compatible for Editor in 0.19 ms, found 0 plugins.
Preloading 0 native plugins for Editor in 0.00 ms.
Unloading 1108 Unused Serialized files (Serialized files now loaded: 0)
System memory in use before: 61.9 MB.
System memory in use after: 61.4 MB.

Unloading 18 unused Assets to reduce memory usage. Loaded Objects now: 1615.
Total: 4.842700 ms (FindLiveObjects: 0.600200 ms CreateObjectMapping: 0.199900 ms MarkObjects: 3.321600 ms  DeleteObjects: 0.718200 ms)

========================================================================
Received Prepare
Registering precompiled user dll's ...
Registered in 0.000763 seconds.
Begin MonoManager ReloadAssembly
Native extension for WindowsStandalone target not found
Refreshing native plugins compatible for Editor in 0.39 ms, found 0 plugins.
Preloading 0 native plugins for Editor in 0.00 ms.
Invoked RoslynAnalysisRunner static constructor.
RoslynAnalysisRunner will not be running.
RoslynAnalysisRunner has terminated.
Mono: successfully reloaded assembly
- Completed reload, in  0.972 seconds
Platform modules already initialized, skipping
Refreshing native plugins compatible for Editor in 0.24 ms, found 0 plugins.
Preloading 0 native plugins for Editor in 0.00 ms.
Unloading 1108 Unused Serialized files (Serialized files now loaded: 0)
System memory in use before: 61.9 MB.
System memory in use after: 61.4 MB.

Unloading 18 unused Assets to reduce memory usage. Loaded Objects now: 1617.
Total: 3.825000 ms (FindLiveObjects: 0.415300 ms CreateObjectMapping: 0.075500 ms MarkObjects: 2.784400 ms  DeleteObjects: 0.548000 ms)

AssetImportWorkerClient::OnTransportError - code=2 error=End of file
